commit ae71ce89d6ca7a617d28a9dd77e2fc7c066d66b2
Author: Chongyan Liu <s3673128@student.rmit.edu.au>
Date:   Wed Mar 24 04:05:14 2021 +0800

    task3: load SDT_NAME field

commit fc8f0d83d8c053ba4f68bb127ccc3eb1f1d565d8
Author: Chongyan Liu <s3673128@student.rmit.edu.au>
Date:   Wed Mar 17 11:28:10 2021 +0800

    task3: heap file query

commit 8205a77d41b91e123281ab20dc2306aa552772df
Author: Chongyan Liu <s3673128@student.rmit.edu.au>
Date:   Tue Mar 16 15:16:29 2021 +0800

    task3: heap file writer

commit 0842babd9d5b67f259a1bddcdc8cd178e6c0b927
Author: Chongyan Liu <s3673128@student.rmit.edu.au>
Date:   Tue Mar 16 13:12:05 2021 +0800

    task3: define abstract writer and make derby writer, mongo writer, heap writer extends abstract writer

commit 87b58d156fa7970affb7c3ee4a6646f954cad9b4
Author: Chongyan Liu <s3673128@student.rmit.edu.au>
Date:   Mon Mar 15 14:19:02 2021 +0800

    task2

commit f14a90fc6323614ff1fbf145325cad206aed7fb3
Author: Chongyan Liu <s3673128@student.rmit.edu.au>
Date:   Sun Mar 14 13:54:08 2021 +0800

    task1
